[main bfa9592] Auto-update: 2026-05-19 07:34
 9 files changed, 8343 insertions(+), 5299 deletions(-)
 create mode 100644 logs/pipeline.log
 create mode 100644 logs/pipeline_error.log
 mode change 100644 => 100755 scripts/update_statewide.sh

============================================================
  Virginia Foreclosure Pipeline
  2026-05-19 07:00:05
  Sync to Google Sheets: True
  Push to GitHub Pages:  True
============================================================

Sources enabled:  3
Sources disabled: 13

--- Clearing Google Sheet (fresh start) ---

------------------------------------------------------------
  Free Lance-Star (Fredericksburg)
------------------------------------------------------------

------------------------------------------------------------
  Richmond Times-Dispatch
------------------------------------------------------------

------------------------------------------------------------
  Culpeper Star-Exponent
------------------------------------------------------------

--- Disabled sources (not run) ---
  Virginia Gazette (Williamsburg)                Paused — supplemental only, limited target county overlap
  Roanoke Times                                  Outside target counties — Stage 2 (statewide expansion)
  Lynchburg News & Advance                       Outside target counties — Stage 2 (statewide expansion)
  Charlottesville Daily Progress                 Outside target counties — Charlottesville/Albemarle only
  Waynesboro News Virginian                      Outside target counties — Stage 2 (statewide expansion)
  Martinsville Bulletin                          Outside target counties — Stage 2 (statewide expansion)
  Danville Register & Bee                        Outside target counties — Stage 2 (statewide expansion)
  Westmoreland News                              Outside target counties — Stage 2 (statewide expansion)
  Daily News-Record (Harrisonburg)               Outside target counties — Stage 2 (statewide expansion)
  FFXnow (Fairfax)                               Outside target counties — Stage 2 (statewide expansion)
  ARLnow (Arlington)                             Outside target counties — Stage 2 (statewide expansion)
  ALXnow (Alexandria)                            Outside target counties — Stage 2 (statewide expansion)
  Bristol Herald Courier                         Outside target counties — Stage 2 (statewide expansion)

------------------------------------------------------------
  Samuel I. White, P.C. (SIWPC PDF)
------------------------------------------------------------

------------------------------------------------------------
  PublicNoticeVirginia.com (PNV — card text mode)
------------------------------------------------------------

------------------------------------------------------------
  Publishing to GitHub Pages...
------------------------------------------------------------
  Pushed to GitHub Pages.

============================================================
  Pipeline complete — 2026-05-19 07:34:13
============================================================


============================================================
  Virginia Foreclosure Pipeline
  2026-05-20 07:00:01
  Sync to Google Sheets: True
  Push to GitHub Pages:  True
============================================================

Sources enabled:  3
Sources disabled: 13

--- Clearing Google Sheet (fresh start) ---

------------------------------------------------------------
  Free Lance-Star (Fredericksburg)
------------------------------------------------------------

------------------------------------------------------------
  Richmond Times-Dispatch
------------------------------------------------------------

------------------------------------------------------------
  Culpeper Star-Exponent
------------------------------------------------------------

--- Disabled sources (not run) ---
  Virginia Gazette (Williamsburg)                Paused — supplemental only, limited target county overlap
  Roanoke Times                                  Outside target counties — Stage 2 (statewide expansion)
  Lynchburg News & Advance                       Outside target counties — Stage 2 (statewide expansion)
  Charlottesville Daily Progress                 Outside target counties — Charlottesville/Albemarle only
  Waynesboro News Virginian                      Outside target counties — Stage 2 (statewide expansion)
  Martinsville Bulletin                          Outside target counties — Stage 2 (statewide expansion)
  Danville Register & Bee                        Outside target counties — Stage 2 (statewide expansion)
  Westmoreland News                              Outside target counties — Stage 2 (statewide expansion)
  Daily News-Record (Harrisonburg)               Outside target counties — Stage 2 (statewide expansion)
  FFXnow (Fairfax)                               Outside target counties — Stage 2 (statewide expansion)
  ARLnow (Arlington)                             Outside target counties — Stage 2 (statewide expansion)
  ALXnow (Alexandria)                            Outside target counties — Stage 2 (statewide expansion)
  Bristol Herald Courier                         Outside target counties — Stage 2 (statewide expansion)

------------------------------------------------------------
  Samuel I. White, P.C. (SIWPC PDF)
------------------------------------------------------------

------------------------------------------------------------
  PublicNoticeVirginia.com (PNV — card text mode)
------------------------------------------------------------

------------------------------------------------------------
  Publishing to GitHub Pages...
------------------------------------------------------------
  Pushed to GitHub Pages.

============================================================
  Pipeline complete — 2026-05-20 10:41:46
============================================================


============================================================
  Virginia Foreclosure Pipeline
  2026-05-21 07:00:02
  Sync to Google Sheets: True
  Push to GitHub Pages:  True
============================================================

Sources enabled:  3
Sources disabled: 13

--- Clearing Google Sheet (fresh start) ---

------------------------------------------------------------
  Free Lance-Star (Fredericksburg)
------------------------------------------------------------

------------------------------------------------------------
  Richmond Times-Dispatch
------------------------------------------------------------

------------------------------------------------------------
  Culpeper Star-Exponent
------------------------------------------------------------

--- Disabled sources (not run) ---
  Virginia Gazette (Williamsburg)                Paused — supplemental only, limited target county overlap
  Roanoke Times                                  Outside target counties — Stage 2 (statewide expansion)
  Lynchburg News & Advance                       Outside target counties — Stage 2 (statewide expansion)
  Charlottesville Daily Progress                 Outside target counties — Charlottesville/Albemarle only
  Waynesboro News Virginian                      Outside target counties — Stage 2 (statewide expansion)
  Martinsville Bulletin                          Outside target counties — Stage 2 (statewide expansion)
  Danville Register & Bee                        Outside target counties — Stage 2 (statewide expansion)
  Westmoreland News                              Outside target counties — Stage 2 (statewide expansion)
  Daily News-Record (Harrisonburg)               Outside target counties — Stage 2 (statewide expansion)
  FFXnow (Fairfax)                               Outside target counties — Stage 2 (statewide expansion)
  ARLnow (Arlington)                             Outside target counties — Stage 2 (statewide expansion)
  ALXnow (Alexandria)                            Outside target counties — Stage 2 (statewide expansion)
  Bristol Herald Courier                         Outside target counties — Stage 2 (statewide expansion)

------------------------------------------------------------
  Samuel I. White, P.C. (SIWPC PDF)
------------------------------------------------------------

------------------------------------------------------------
  PublicNoticeVirginia.com (PNV — card text mode)
------------------------------------------------------------

------------------------------------------------------------
  Publishing to GitHub Pages...
------------------------------------------------------------
  Pushed to GitHub Pages.

============================================================
  Pipeline complete — 2026-05-21 10:40:07
============================================================

